Arguments: 
  C:\Program Files\nodejs\node.exe C:\Users\ndourbaila\AppData\Roaming\npm\node_modules\yarn\bin\yarn.js

PATH: 
  C:\WINDOWS\system32;C:\WINDOWS;C:\WINDOWS\System32\Wbem;C:\WINDOWS\System32\WindowsPowerShell\v1.0\;C:\composer;C:\Program Files\nodejs\;C:\Program Files\Git\cmd;C:\Program Files\dotnet\;C:\Program Files\Microsoft SQL Server\130\Tools\Binn\;C:\WINDOWS\System32\OpenSSH\;C:\Program Files\Microsoft SQL Server\Client SDK\ODBC\130\Tools\Binn\;C:\Program Files (x86)\Microsoft SQL Server\140\Tools\Binn\;C:\Program Files\Microsoft SQL Server\140\Tools\Binn\;C:\Program Files\Microsoft SQL Server\140\DTS\Binn\;C:\Users\ndourbaila\AppData\Local\Microsoft\WindowsApps;C:\wamp64\bin\php\php7.1.16;C:\Users\ndourbaila\AppData\Local\Programs\Microsoft VS Code\bin;C:\Users\ndourbaila\AppData\Roaming\Composer\vendor\bin;C:\Users\ndourbaila\AppData\Roaming\npm;C:\Program Files (x86)\apache-maven-3.5.4\bin;C:\Users\ndourbaila\.dotnet\tools;C:\Users\ndourbaila\AppData\Local\Microsoft\WindowsApps;C:\Program Files (x86)\Java\jdk1.8.0_181;

Yarn version: 
  1.9.4

Node version: 
  8.11.4

Platform: 
  win32 x64

Trace: 
  Error: getaddrinfo ENOTFOUND registry.yarnpkg.com registry.yarnpkg.com:443
      at errnoException (dns.js:50:10)
      at GetAddrInfoReqWrap.onlookup [as oncomplete] (dns.js:92:26)

npm manifest: 
  {
    "name": "api-rest",
    "version": "1.0.0",
    "description": "My cool app",
    "main": "index.js",
    "scripts": {
      "start": "node dist/index.js",
      "compile": "babel server --out-dir dist --delete-dir-on-start --source-maps inline --copy-files",
      "dev": "nodemon server --exec babel-node --config .nodemonrc.json | pino-pretty",
      "dev:debug": "nodemon server --exec babel-node --config .nodemonrc.json --inspect | pino-pretty",
      "test": "mocha --compilers js:@babel/register --exit",
      "test:debug": "mocha --compilers js:@babel/register --inspect-brk --exit",
      "lint": "eslint -c .eslintrc.json {server,test}/**",
      "lint:fix": "eslint --fix -c .eslintrc.json {server,test}/**"
    },
    "dependencies": {
      "body-parser": "^1.18.2",
      "cookie-parser": "^1.4.3",
      "dotenv": "^6.0.0",
      "express": "^4.16.4",
      "pino": "^5.8.0",
      "swagger-express-middleware": "^1.1.1"
    },
    "devDependencies": {
      "@babel/cli": "^7.1.2",
      "@babel/core": "^7.1.2",
      "@babel/node": "^7.0.0",
      "@babel/preset-env": "^7.1.0",
      "babel-eslint": "^8.2.2",
      "chai": "^4.1.2",
      "eslint": "^4.19.1",
      "eslint-plugin-import": "^2.14.0",
      "eslint-config-airbnb-base": "^11.3.2",
      "mocha": "^5.0.5",
      "nodemon": "^1.18.4",
      "pino-pretty": "^2.2.2",
      "supertest": "^3.0.0"
    },
    "author": "Carmine DiMascio <cdimascio@gmail.com> (https://github.com/cdimascio)"
  }

yarn manifest: 
  No manifest

Lockfile: 
  No lockfile
